<?xml version="1.0" encoding="UTF-8"?>
<testng-results ignored="0" total="14" passed="12" failed="1" skipped="1">
  <reporter-output>
  </reporter-output>
  <suite started-at="2023-03-03T11:14:05 GMT" name="ProjectNetbanking" finished-at="2023-03-03T11:17:03 GMT" duration-ms="177764">
    <groups>
    </groups>
    <test started-at="2023-03-03T11:14:05 GMT" name="ProjectNeting Test" finished-at="2023-03-03T11:17:03 GMT" duration-ms="177764">
      <class name="com.TestCases.Search">
        <test-method is-config="true" signature="Setup()[pri:0, instance:com.TestCases.Search@49438269]" started-at="2023-03-03T11:16:40 GMT" name="Setup" finished-at="2023-03-03T11:16:50 GMT" duration-ms="9995" status="PASS">
          <reporter-output>
          </reporter-output>
        </test-method> <!-- Setup -->
        <test-method signature="verifySearchWithValidProduct()[pri:1, instance:com.TestCases.Search@49438269]" started-at="2023-03-03T11:16:50 GMT" name="verifySearchWithValidProduct" finished-at="2023-03-03T11:16:52 GMT" duration-ms="1669" status="PASS">
          <reporter-output>
          </reporter-output>
        </test-method> <!-- verifySearchWithValidProduct -->
        <test-method is-config="true" signature="tearDown()[pri:0, instance:com.TestCases.Search@49438269]" started-at="2023-03-03T11:16:52 GMT" name="tearDown" finished-at="2023-03-03T11:16:52 GMT" duration-ms="740" status="PASS">
          <reporter-output>
          </reporter-output>
        </test-method> <!-- tearDown -->
        <test-method is-config="true" signature="Setup()[pri:0, instance:com.TestCases.Search@49438269]" started-at="2023-03-03T11:16:52 GMT" name="Setup" finished-at="2023-03-03T11:17:01 GMT" duration-ms="9025" status="PASS">
          <reporter-output>
          </reporter-output>
        </test-method> <!-- Setup -->
        <test-method signature="verifySearchWithInvalidProduct()[pri:2, instance:com.TestCases.Search@49438269]" started-at="2023-03-03T11:17:01 GMT" name="verifySearchWithInvalidProduct" finished-at="2023-03-03T11:17:02 GMT" duration-ms="529" status="FAIL">
          <exception class="java.lang.AssertionError">
            <message>
              <![CDATA[warning message not shown expected [null] but found [There is no product that matches the search criteria.]]]>
            </message>
            <full-stacktrace>
              <![CDATA[java.lang.AssertionError: warning message not shown expected [null] but found [There is no product that matches the search criteria.]
at org.testng.Assert.fail(Assert.java:110)
at org.testng.Assert.failNotEquals(Assert.java:1577)
at org.testng.Assert.assertEqualsImpl(Assert.java:149)
at org.testng.Assert.assertEquals(Assert.java:131)
at org.testng.Assert.assertEquals(Assert.java:655)
at com.TestCases.Search.verifySearchWithInvalidProduct(Search.java:53)
at java.base/jdk.internal.reflect.DirectMethodHandleAccessor.invoke(DirectMethodHandleAccessor.java:104)
at java.base/java.lang.reflect.Method.invoke(Method.java:578)
at org.testng.internal.invokers.MethodInvocationHelper.invokeMethod(MethodInvocationHelper.java:139)
at org.testng.internal.invokers.TestInvoker.invokeMethod(TestInvoker.java:677)
at org.testng.internal.invokers.TestInvoker.invokeTestMethod(TestInvoker.java:221)
at org.testng.internal.invokers.MethodRunner.runInSequence(MethodRunner.java:50)
at org.testng.internal.invokers.TestInvoker$MethodInvocationAgent.invoke(TestInvoker.java:969)
at org.testng.internal.invokers.TestInvoker.invokeTestMethods(TestInvoker.java:194)
at org.testng.internal.invokers.TestMethodWorker.invokeTestMethods(TestMethodWorker.java:148)
at org.testng.internal.invokers.TestMethodWorker.run(TestMethodWorker.java:128)
at java.base/java.util.ArrayList.forEach(ArrayList.java:1511)
at org.testng.TestRunner.privateRun(TestRunner.java:829)
at org.testng.TestRunner.run(TestRunner.java:602)
at org.testng.SuiteRunner.runTest(SuiteRunner.java:437)
at org.testng.SuiteRunner.runSequentially(SuiteRunner.java:431)
at org.testng.SuiteRunner.privateRun(SuiteRunner.java:391)
at org.testng.SuiteRunner.run(SuiteRunner.java:330)
at org.testng.SuiteRunnerWorker.runSuite(SuiteRunnerWorker.java:52)
at org.testng.SuiteRunnerWorker.run(SuiteRunnerWorker.java:95)
at org.testng.TestNG.runSuitesSequentially(TestNG.java:1256)
at org.testng.TestNG.runSuitesLocally(TestNG.java:1176)
at org.testng.TestNG.runSuites(TestNG.java:1099)
at org.testng.TestNG.run(TestNG.java:1067)
at org.testng.remote.AbstractRemoteTestNG.run(AbstractRemoteTestNG.java:115)
at org.testng.remote.RemoteTestNG.initAndRun(RemoteTestNG.java:251)
at org.testng.remote.RemoteTestNG.main(RemoteTestNG.java:77)
]]>
            </full-stacktrace>
          </exception> <!-- java.lang.AssertionError -->
          <reporter-output>
          </reporter-output>
        </test-method> <!-- verifySearchWithInvalidProduct -->
        <test-method is-config="true" signature="tearDown()[pri:0, instance:com.TestCases.Search@49438269]" started-at="2023-03-03T11:17:02 GMT" name="tearDown" finished-at="2023-03-03T11:17:03 GMT" duration-ms="518" status="PASS">
          <reporter-output>
          </reporter-output>
        </test-method> <!-- tearDown -->
        <test-method signature="verifySearchwithAnyProduct()[pri:3, instance:com.TestCases.Search@49438269]" started-at="2023-03-03T11:17:03 GMT" name="verifySearchwithAnyProduct" finished-at="2023-03-03T11:17:03 GMT" depends-on-methods="com.TestCases.Search.verifySearchWithInvalidProduct" duration-ms="0" status="SKIP">
          <exception class="java.lang.Throwable">
            <message>
              <![CDATA[Method com.TestCases.Search.verifySearchwithAnyProduct() on instance com.TestCases.Search@49438269 depends on not successfully finished methods 
[com.TestCases.Search.verifySearchWithInvalidProduct() on instance com.TestCases.Search@49438269]]]>
            </message>
            <full-stacktrace>
              <![CDATA[java.lang.Throwable: Method com.TestCases.Search.verifySearchwithAnyProduct() on instance com.TestCases.Search@49438269 depends on not successfully finished methods 
[com.TestCases.Search.verifySearchWithInvalidProduct() on instance com.TestCases.Search@49438269]
at org.testng.internal.invokers.TestInvoker.invokeTestMethods(TestInvoker.java:150)
at org.testng.internal.invokers.TestMethodWorker.invokeTestMethods(TestMethodWorker.java:148)
at org.testng.internal.invokers.TestMethodWorker.run(TestMethodWorker.java:128)
at java.base/java.util.ArrayList.forEach(ArrayList.java:1511)
at org.testng.TestRunner.privateRun(TestRunner.java:829)
at org.testng.TestRunner.run(TestRunner.java:602)
at org.testng.SuiteRunner.runTest(SuiteRunner.java:437)
at org.testng.SuiteRunner.runSequentially(SuiteRunner.java:431)
at org.testng.SuiteRunner.privateRun(SuiteRunner.java:391)
at org.testng.SuiteRunner.run(SuiteRunner.java:330)
at org.testng.SuiteRunnerWorker.runSuite(SuiteRunnerWorker.java:52)
at org.testng.SuiteRunnerWorker.run(SuiteRunnerWorker.java:95)
at org.testng.TestNG.runSuitesSequentially(TestNG.java:1256)
at org.testng.TestNG.runSuitesLocally(TestNG.java:1176)
at org.testng.TestNG.runSuites(TestNG.java:1099)
at org.testng.TestNG.run(TestNG.java:1067)
at org.testng.remote.AbstractRemoteTestNG.run(AbstractRemoteTestNG.java:115)
at org.testng.remote.RemoteTestNG.initAndRun(RemoteTestNG.java:251)
at org.testng.remote.RemoteTestNG.main(RemoteTestNG.java:77)
]]>
            </full-stacktrace>
          </exception> <!-- java.lang.Throwable -->
          <reporter-output>
          </reporter-output>
        </test-method> <!-- verifySearchwithAnyProduct -->
      </class> <!-- com.TestCases.Search -->
      <class name="com.TestCases.Register">
        <test-method is-config="true" signature="setUp()[pri:0, instance:com.TestCases.Register@815b41f]" started-at="2023-03-03T11:14:05 GMT" name="setUp" finished-at="2023-03-03T11:14:27 GMT" duration-ms="21912" status="PASS">
          <reporter-output>
          </reporter-output>
        </test-method> <!-- setUp -->
        <test-method signature="verifyRegisterwithManditatoryField()[pri:1, instance:com.TestCases.Register@815b41f]" started-at="2023-03-03T11:14:27 GMT" name="verifyRegisterwithManditatoryField" finished-at="2023-03-03T11:14:29 GMT" duration-ms="1834" status="PASS">
          <reporter-output>
          </reporter-output>
        </test-method> <!-- verifyRegisterwithManditatoryField -->
        <test-method is-config="true" signature="tearDown()[pri:0, instance:com.TestCases.Register@815b41f]" started-at="2023-03-03T11:14:29 GMT" name="tearDown" finished-at="2023-03-03T11:14:30 GMT" duration-ms="758" status="PASS">
          <reporter-output>
          </reporter-output>
        </test-method> <!-- tearDown -->
        <test-method is-config="true" signature="setUp()[pri:0, instance:com.TestCases.Register@815b41f]" started-at="2023-03-03T11:14:30 GMT" name="setUp" finished-at="2023-03-03T11:14:41 GMT" duration-ms="11029" status="PASS">
          <reporter-output>
          </reporter-output>
        </test-method> <!-- setUp -->
        <test-method signature="verifyRegisterProvidingAllField()[pri:2, instance:com.TestCases.Register@815b41f]" started-at="2023-03-03T11:14:41 GMT" name="verifyRegisterProvidingAllField" finished-at="2023-03-03T11:14:43 GMT" duration-ms="1620" status="PASS">
          <reporter-output>
          </reporter-output>
        </test-method> <!-- verifyRegisterProvidingAllField -->
        <test-method is-config="true" signature="tearDown()[pri:0, instance:com.TestCases.Register@815b41f]" started-at="2023-03-03T11:14:43 GMT" name="tearDown" finished-at="2023-03-03T11:14:43 GMT" duration-ms="781" status="PASS">
          <reporter-output>
          </reporter-output>
        </test-method> <!-- tearDown -->
        <test-method is-config="true" signature="setUp()[pri:0, instance:com.TestCases.Register@815b41f]" started-at="2023-03-03T11:14:43 GMT" name="setUp" finished-at="2023-03-03T11:14:57 GMT" duration-ms="14057" status="PASS">
          <reporter-output>
          </reporter-output>
        </test-method> <!-- setUp -->
        <test-method signature="verifyExistingEmailAddress()[pri:3, instance:com.TestCases.Register@815b41f]" started-at="2023-03-03T11:14:57 GMT" name="verifyExistingEmailAddress" finished-at="2023-03-03T11:14:59 GMT" duration-ms="1419" status="PASS">
          <reporter-output>
          </reporter-output>
        </test-method> <!-- verifyExistingEmailAddress -->
        <test-method is-config="true" signature="tearDown()[pri:0, instance:com.TestCases.Register@815b41f]" started-at="2023-03-03T11:14:59 GMT" name="tearDown" finished-at="2023-03-03T11:15:00 GMT" duration-ms="720" status="PASS">
          <reporter-output>
          </reporter-output>
        </test-method> <!-- tearDown -->
        <test-method is-config="true" signature="setUp()[pri:0, instance:com.TestCases.Register@815b41f]" started-at="2023-03-03T11:15:00 GMT" name="setUp" finished-at="2023-03-03T11:15:16 GMT" duration-ms="16240" status="PASS">
          <reporter-output>
          </reporter-output>
        </test-method> <!-- setUp -->
        <test-method signature="verifyWithoutEntringMandetoryFileds()[pri:4, instance:com.TestCases.Register@815b41f]" started-at="2023-03-03T11:15:16 GMT" name="verifyWithoutEntringMandetoryFileds" finished-at="2023-03-03T11:15:17 GMT" duration-ms="1061" status="PASS">
          <reporter-output>
          </reporter-output>
        </test-method> <!-- verifyWithoutEntringMandetoryFileds -->
        <test-method is-config="true" signature="tearDown()[pri:0, instance:com.TestCases.Register@815b41f]" started-at="2023-03-03T11:15:17 GMT" name="tearDown" finished-at="2023-03-03T11:15:18 GMT" duration-ms="740" status="PASS">
          <reporter-output>
          </reporter-output>
        </test-method> <!-- tearDown -->
      </class> <!-- com.TestCases.Register -->
      <class name="com.TestCases.Login">
        <test-method is-config="true" signature="setUp()[pri:0, instance:com.TestCases.Login@40005471]" started-at="2023-03-03T11:15:20 GMT" name="setUp" finished-at="2023-03-03T11:15:28 GMT" duration-ms="8168" status="PASS">
          <reporter-output>
          </reporter-output>
        </test-method> <!-- setUp -->
        <test-method signature="verifyLoginWithValidCerdentials(java.lang.String,java.lang.String)[pri:1, instance:com.TestCases.Login@40005471]" started-at="2023-03-03T11:15:28 GMT" name="verifyLoginWithValidCerdentials" data-provider="validCredentialsSupplier" finished-at="2023-03-03T11:15:29 GMT" duration-ms="799" status="PASS">
          <params>
            <param index="0">
              <value>
                <![CDATA[sangitha88@gmail.com]]>
              </value>
            </param>
            <param index="1">
              <value>
                <![CDATA[12345678]]>
              </value>
            </param>
          </params>
          <reporter-output>
          </reporter-output>
        </test-method> <!-- verifyLoginWithValidCerdentials -->
        <test-method is-config="true" signature="tearDown()[pri:0, instance:com.TestCases.Login@40005471]" started-at="2023-03-03T11:15:29 GMT" name="tearDown" finished-at="2023-03-03T11:15:29 GMT" duration-ms="560" status="PASS">
          <reporter-output>
          </reporter-output>
        </test-method> <!-- tearDown -->
        <test-method is-config="true" signature="setUp()[pri:0, instance:com.TestCases.Login@40005471]" started-at="2023-03-03T11:15:29 GMT" name="setUp" finished-at="2023-03-03T11:15:38 GMT" duration-ms="8987" status="PASS">
          <reporter-output>
          </reporter-output>
        </test-method> <!-- setUp -->
        <test-method signature="verifyLoginWithValidCerdentials(java.lang.String,java.lang.String)[pri:1, instance:com.TestCases.Login@40005471]" started-at="2023-03-03T11:15:38 GMT" name="verifyLoginWithValidCerdentials" data-provider="validCredentialsSupplier" finished-at="2023-03-03T11:15:40 GMT" duration-ms="1423" status="PASS">
          <params>
            <param index="0">
              <value>
                <![CDATA[sangitha77@gmail.com]]>
              </value>
            </param>
            <param index="1">
              <value>
                <![CDATA[12345678]]>
              </value>
            </param>
          </params>
          <reporter-output>
          </reporter-output>
        </test-method> <!-- verifyLoginWithValidCerdentials -->
        <test-method is-config="true" signature="tearDown()[pri:0, instance:com.TestCases.Login@40005471]" started-at="2023-03-03T11:15:40 GMT" name="tearDown" finished-at="2023-03-03T11:15:40 GMT" duration-ms="578" status="PASS">
          <reporter-output>
          </reporter-output>
        </test-method> <!-- tearDown -->
        <test-method is-config="true" signature="setUp()[pri:0, instance:com.TestCases.Login@40005471]" started-at="2023-03-03T11:15:40 GMT" name="setUp" finished-at="2023-03-03T11:15:50 GMT" duration-ms="9532" status="PASS">
          <reporter-output>
          </reporter-output>
        </test-method> <!-- setUp -->
        <test-method signature="verifyLoginWithValidCerdentials(java.lang.String,java.lang.String)[pri:1, instance:com.TestCases.Login@40005471]" started-at="2023-03-03T11:15:50 GMT" name="verifyLoginWithValidCerdentials" data-provider="validCredentialsSupplier" finished-at="2023-03-03T11:15:51 GMT" duration-ms="839" status="PASS">
          <params>
            <param index="0">
              <value>
                <![CDATA[sangitha99@gmail.com]]>
              </value>
            </param>
            <param index="1">
              <value>
                <![CDATA[12345678]]>
              </value>
            </param>
          </params>
          <reporter-output>
          </reporter-output>
        </test-method> <!-- verifyLoginWithValidCerdentials -->
        <test-method is-config="true" signature="tearDown()[pri:0, instance:com.TestCases.Login@40005471]" started-at="2023-03-03T11:15:51 GMT" name="tearDown" finished-at="2023-03-03T11:15:51 GMT" duration-ms="732" status="PASS">
          <reporter-output>
          </reporter-output>
        </test-method> <!-- tearDown -->
        <test-method is-config="true" signature="setUp()[pri:0, instance:com.TestCases.Login@40005471]" started-at="2023-03-03T11:15:51 GMT" name="setUp" finished-at="2023-03-03T11:16:03 GMT" duration-ms="11591" status="PASS">
          <reporter-output>
          </reporter-output>
        </test-method> <!-- setUp -->
        <test-method signature="verifyLoginWithInValidCrendtials()[pri:2, instance:com.TestCases.Login@40005471]" started-at="2023-03-03T11:16:03 GMT" name="verifyLoginWithInValidCrendtials" finished-at="2023-03-03T11:16:04 GMT" duration-ms="796" status="PASS">
          <reporter-output>
          </reporter-output>
        </test-method> <!-- verifyLoginWithInValidCrendtials -->
        <test-method is-config="true" signature="tearDown()[pri:0, instance:com.TestCases.Login@40005471]" started-at="2023-03-03T11:16:04 GMT" name="tearDown" finished-at="2023-03-03T11:16:05 GMT" duration-ms="811" status="PASS">
          <reporter-output>
          </reporter-output>
        </test-method> <!-- tearDown -->
        <test-method is-config="true" signature="setUp()[pri:0, instance:com.TestCases.Login@40005471]" started-at="2023-03-03T11:16:05 GMT" name="setUp" finished-at="2023-03-03T11:16:17 GMT" duration-ms="12503" status="PASS">
          <reporter-output>
          </reporter-output>
        </test-method> <!-- setUp -->
        <test-method signature="verifyLoginWithInValidEmailandValidPassword()[pri:3, instance:com.TestCases.Login@40005471]" started-at="2023-03-03T11:16:17 GMT" name="verifyLoginWithInValidEmailandValidPassword" finished-at="2023-03-03T11:16:18 GMT" duration-ms="710" status="PASS">
          <reporter-output>
          </reporter-output>
        </test-method> <!-- verifyLoginWithInValidEmailandValidPassword -->
        <test-method is-config="true" signature="tearDown()[pri:0, instance:com.TestCases.Login@40005471]" started-at="2023-03-03T11:16:18 GMT" name="tearDown" finished-at="2023-03-03T11:16:19 GMT" duration-ms="727" status="PASS">
          <reporter-output>
          </reporter-output>
        </test-method> <!-- tearDown -->
        <test-method is-config="true" signature="setUp()[pri:0, instance:com.TestCases.Login@40005471]" started-at="2023-03-03T11:16:19 GMT" name="setUp" finished-at="2023-03-03T11:16:29 GMT" duration-ms="10131" status="PASS">
          <reporter-output>
          </reporter-output>
        </test-method> <!-- setUp -->
        <test-method signature="verifyLoginWithInPasswordandValidEmail()[pri:4, instance:com.TestCases.Login@40005471]" started-at="2023-03-03T11:16:29 GMT" name="verifyLoginWithInPasswordandValidEmail" finished-at="2023-03-03T11:16:29 GMT" duration-ms="732" status="PASS">
          <reporter-output>
          </reporter-output>
        </test-method> <!-- verifyLoginWithInPasswordandValidEmail -->
        <test-method is-config="true" signature="tearDown()[pri:0, instance:com.TestCases.Login@40005471]" started-at="2023-03-03T11:16:29 GMT" name="tearDown" finished-at="2023-03-03T11:16:30 GMT" duration-ms="586" status="PASS">
          <reporter-output>
          </reporter-output>
        </test-method> <!-- tearDown -->
        <test-method is-config="true" signature="setUp()[pri:0, instance:com.TestCases.Login@40005471]" started-at="2023-03-03T11:16:30 GMT" name="setUp" finished-at="2023-03-03T11:16:39 GMT" duration-ms="8551" status="PASS">
          <reporter-output>
          </reporter-output>
        </test-method> <!-- setUp -->
        <test-method signature="verifyLoginWithInValidCredtials()[pri:5, instance:com.TestCases.Login@40005471]" started-at="2023-03-03T11:16:39 GMT" name="verifyLoginWithInValidCredtials" finished-at="2023-03-03T11:16:39 GMT" duration-ms="522" status="PASS">
          <reporter-output>
          </reporter-output>
        </test-method> <!-- verifyLoginWithInValidCredtials -->
        <test-method is-config="true" signature="tearDown()[pri:0, instance:com.TestCases.Login@40005471]" started-at="2023-03-03T11:16:39 GMT" name="tearDown" finished-at="2023-03-03T11:16:40 GMT" duration-ms="709" status="PASS">
          <reporter-output>
          </reporter-output>
        </test-method> <!-- tearDown -->
      </class> <!-- com.TestCases.Login -->
    </test> <!-- ProjectNeting Test -->
  </suite> <!-- ProjectNetbanking -->
</testng-results>
