<?xml version="1.0" encoding="UTF-8"?>
<!-- Generated by org.testng.reporters.JUnitXMLReporter -->
<testsuite ignored="0" hostname="LAPTOP-U8O9C2H6" failures="1" tests="14" name="ProjectNeting Test" time="177.764" errors="0" timestamp="2023-03-03T11:17:07 GMT">
  <testcase classname="com.TestCases.Register" name="verifyRegisterwithManditatoryField" time="1.834"/>
  <testcase classname="com.TestCases.Register" name="verifyRegisterProvidingAllField" time="1.62"/>
  <testcase classname="com.TestCases.Register" name="verifyExistingEmailAddress" time="1.419"/>
  <testcase classname="com.TestCases.Register" name="verifyWithoutEntringMandetoryFileds" time="1.061"/>
  <testcase classname="com.TestCases.Login" name="verifyLoginWithValidCerdentials" time="0.799"/>
  <testcase classname="com.TestCases.Login" name="verifyLoginWithValidCerdentials" time="1.423"/>
  <testcase classname="com.TestCases.Login" name="verifyLoginWithValidCerdentials" time="0.839"/>
  <testcase classname="com.TestCases.Login" name="verifyLoginWithInValidCrendtials" time="0.796"/>
  <testcase classname="com.TestCases.Login" name="verifyLoginWithInValidEmailandValidPassword" time="0.71"/>
  <testcase classname="com.TestCases.Login" name="verifyLoginWithInPasswordandValidEmail" time="0.732"/>
  <testcase classname="com.TestCases.Login" name="verifyLoginWithInValidCredtials" time="0.522"/>
  <testcase classname="com.TestCases.Search" name="verifySearchWithValidProduct" time="1.669"/>
  <testcase classname="com.TestCases.Search" name="verifySearchWithInvalidProduct" time="0.529">
    <failure type="java.lang.AssertionError" message="warning message not shown expected [null] but found [There is no product that matches the search criteria.]">
      <![CDATA[java.lang.AssertionError: warning message not shown expected [null] but found [There is no product that matches the search criteria.]
at com.TestCases.Search.verifySearchWithInvalidProduct(Search.java:53)
at java.base/java.util.ArrayList.forEach(ArrayList.java:1511)
... Removed 30 stack frames]]>
    </failure>
  </testcase> <!-- verifySearchWithInvalidProduct -->
  <testcase classname="com.TestCases.Search" name="verifySearchwithAnyProduct" time="0.0">
    <skipped/>
  </testcase> <!-- verifySearchwithAnyProduct -->
</testsuite> <!-- ProjectNeting Test -->
